<?xml version="1.0" encoding="UTF-8"?>
<!-- Generated by org.testng.reporters.JUnitReportReporter -->
<testsuite skipped="0" hostname="Rafal-Komputer" name="pl.Main" tests="1" failures="0" timestamp="27 gru 2018 13:38:28 GMT" time="6.583" errors="0">
  <testcase name="sizzerShopRegister" time="6.583" classname="pl.Main"/>
</testsuite> <!-- pl.Main -->
